<?xml version="1.0" encoding="UTF-8"?>
<!-- Generated by org.testng.reporters.JUnitReportReporter -->
<testsuite skipped="1" hostname="DESKTOP-KOB0SH9" name="TestNG_Listners.TestNG_Listner_Demo" tests="3" failures="0" timestamp="2020-05-06T22:13:58 IST" time="0.082" errors="0">
  <testcase name="test3" time="0.007" classname="TestNG_Listners.TestNG_Listner_Demo">
    <skipped/>
  </testcase> <!-- test3 -->
  <testcase name="test2" time="0.010" classname="TestNG_Listners.TestNG_Listner_Demo"/>
  <testcase name="test1" time="0.065" classname="TestNG_Listners.TestNG_Listner_Demo"/>
</testsuite> <!-- TestNG_Listners.TestNG_Listner_Demo -->
