<?xml version="1.0" encoding="UTF-8"?>
<!-- Generated by org.testng.reporters.JUnitReportReporter -->
<testsuite skipped="0" hostname="DESKTOP-KOB0SH9" name="Test.ExtentReportsTestNG" tests="1" failures="0" timestamp="2020-04-27T22:29:40 IST" time="14.059" errors="0">
  <testcase name="AcutalTest" time="14.059" classname="Test.ExtentReportsTestNG"/>
</testsuite> <!-- Test.ExtentReportsTestNG -->
