<?xml version="1.0" encoding="UTF-8"?>
<!-- Generated by org.testng.reporters.JUnitReportReporter -->
<testsuite skipped="0" hostname="DESKTOP-KOB0SH9" name="Test.withTestNG" tests="1" failures="0" timestamp="2020-04-26T20:50:40 IST" time="23.155" errors="0">
  <testcase name="Bodytorun" time="23.155" classname="Test.withTestNG"/>
</testsuite> <!-- Test.withTestNG -->
